2026-02-02 18:56:58,406 - INFO - Письмо покупателю по заказу 14 отправлено успешно!
2026-02-02 19:05:36,456 - INFO - Завершающий этап оформления заказа: send_email_sell
2026-02-02 19:05:36,456 - INFO - Начало работы  - send_email_sell
2026-02-02 19:05:36,462 - INFO - Старт отправки писем через Celery
2026-02-02 19:05:36,517 - INFO - Старт задачи на очистку корзины через Celery
2026-02-02 19:05:36,529 - INFO - Корзина очищена для заказа 15
2026-02-02 19:05:37,451 - INFO - Письмо покупателю по заказу 15 отправлено успешно!
2026-02-02 19:05:37,555 - INFO - Письмо продавцу по заказу 15 отправлено успешно!
2026-02-02 19:29:15,664 - INFO - Ошибка отправки письма покупателю: could not translate host name "postgres" to address: Temporary failure in name resolution
 по заказу 9
2026-02-04 18:57:34,791 - INFO - Завершающий этап оформления заказа: send_email_sell
2026-02-04 18:57:34,792 - INFO - Начало работы  - send_email_sell
2026-02-04 18:57:34,806 - INFO - Старт отправки писем через Celery
2026-02-04 18:57:34,848 - INFO - Старт задачи на очистку корзины через Celery
2026-02-04 18:57:34,860 - INFO - Корзина очищена для заказа 23
2026-02-04 18:57:35,794 - INFO - Письмо продавцу по заказу 23 отправлено успешно!
2026-02-04 18:57:35,983 - INFO - Письмо покупателю по заказу 23 отправлено успешно!
2026-02-06 19:08:41,975 - INFO - Завершающий этап оформления заказа: send_email_sell
2026-02-06 19:08:41,975 - INFO - Начало работы  - send_email_sell
2026-02-06 19:08:41,986 - INFO - Старт отправки писем через Celery
2026-02-06 19:08:41,989 - INFO - Старт задачи на очистку корзины через Celery
2026-02-06 19:08:42,022 - INFO - Корзина очищена для заказа 1
2026-02-06 19:08:42,941 - INFO - Письмо продавцу по заказу 1 отправлено успешно!
2026-02-06 19:08:42,943 - INFO - Письмо покупателю по заказу 1 отправлено успешно!
2026-02-06 19:42:23,212 - INFO - Завершающий этап оформления заказа: send_email_sell
2026-02-06 19:42:23,213 - INFO - Начало работы  - send_email_sell
2026-02-06 19:42:23,220 - INFO - Старт отправки писем через Celery
2026-02-06 19:42:23,268 - INFO - Старт задачи на очистку корзины через Celery
2026-02-06 19:42:45,742 - INFO - Корзина очищена для заказа 2
2026-02-06 19:42:46,682 - INFO - Письмо продавцу по заказу 2 отправлено успешно!
2026-02-06 19:42:46,683 - INFO - Письмо покупателю по заказу 2 отправлено успешно!
2026-02-06 20:04:22,866 - INFO - Завершающий этап оформления заказа: send_email_sell
2026-02-06 20:04:22,866 - INFO - Начало работы  - send_email_sell
2026-02-06 20:04:22,878 - INFO - Старт отправки писем через Celery
2026-02-06 20:04:22,881 - INFO - Старт задачи на очистку корзины через Celery
2026-02-06 20:04:22,907 - INFO - Корзина очищена для заказа 1
2026-02-06 20:04:23,446 - INFO - Ошибка отправки письма покупателю: {'alpono24@gmail.ru': (550, b'non-local recipient verification failed')} по заказу 1
2026-02-06 20:04:23,857 - INFO - Письмо продавцу по заказу 1 отправлено успешно!
2026-02-07 13:10:38,652 - INFO - Завершающий этап оформления заказа: send_email_sell
2026-02-07 13:10:38,653 - INFO - Начало работы  - send_email_sell
2026-02-07 13:10:38,669 - INFO - Старт отправки писем через Celery
2026-02-07 13:10:38,705 - INFO - Старт задачи на очистку корзины через Celery
2026-02-07 13:10:38,717 - INFO - Корзина очищена для заказа 3
2026-02-07 13:10:39,296 - INFO - Ошибка отправки письма покупателю: {'alpono24@gmail.ru': (550, b'non-local recipient verification failed')} по заказу 3
2026-02-07 13:10:39,821 - INFO - Письмо продавцу по заказу 3 отправлено успешно!
