
2026-01-28 14:08:50,374 - INFO - Старт задачи на очистку корзины через Celery
2026-01-28 14:08:50,398 - INFO - Корзина очищена для заказа 1
2026-01-28 14:08:50,886 - INFO - Ошибка отправки письма покупателю: {'alpono24@gmail.ru': (550, b'non-local recipient verification failed')} по заказу 1
2026-01-28 14:08:52,483 - INFO - Письмо продавцу по заказу 1 отправлено успешно!
2026-01-28 17:27:08,987 - INFO - Завершающий этап оформления заказа: send_email_sell
2026-01-28 17:27:08,988 - INFO - Начало работы  - send_email_sell
2026-01-28 17:27:08,997 - INFO - Старт отправки писем через Celery
2026-01-28 17:27:08,999 - INFO - Старт задачи на очистку корзины через Celery
2026-01-28 17:27:09,033 - INFO - Корзина очищена для заказа 1
2026-01-28 17:27:09,972 - INFO - Письмо продавцу по заказу 1 отправлено успешно!
2026-01-28 17:27:10,104 - INFO - Письмо покупателю по заказу 1 отправлено успешно!
2026-01-28 17:27:25,956 - INFO - Завершающий этап оформления заказа: send_email_sell
2026-01-28 17:27:25,957 - INFO - Начало работы  - send_email_sell
2026-01-28 18:32:35,997 - INFO - Завершающий этап оформления заказа: send_email_sell
2026-01-28 18:32:35,997 - INFO - Начало работы  - send_email_sell
2026-01-28 18:32:36,012 - INFO - Старт отправки писем через Celery
2026-01-28 18:32:36,054 - INFO - Старт задачи на очистку корзины через Celery
2026-01-28 18:32:36,067 - INFO - Корзина очищена для заказа 3
2026-01-28 18:32:37,153 - INFO - Письмо покупателю по заказу 3 отправлено успешно!
2026-01-28 18:32:37,215 - INFO - Письмо продавцу по заказу 3 отправлено успешно!
2026-01-28 19:30:37,190 - INFO - Завершающий этап оформления заказа: send_email_sell
2026-01-28 19:30:37,190 - INFO - Начало работы  - send_email_sell
2026-01-28 19:30:37,213 - INFO - Старт отправки писем через Celery
2026-01-28 19:30:37,216 - INFO - Старт задачи на очистку корзины через Celery
2026-01-28 19:30:37,248 - INFO - Корзина очищена для заказа 4
2026-01-28 19:30:38,210 - INFO - Письмо покупателю по заказу 4 отправлено успешно!
2026-01-28 19:30:38,298 - INFO - Письмо продавцу по заказу 4 отправлено успешно!
2026-01-28 20:10:12,713 - INFO - Завершающий этап оформления заказа: send_email_sell
2026-01-28 20:10:12,713 - INFO - Начало работы  - send_email_sell
2026-01-28 20:10:12,728 - INFO - Старт отправки писем через Celery
2026-01-28 20:10:12,782 - INFO - Старт задачи на очистку корзины через Celery
2026-01-28 20:10:12,796 - INFO - Корзина очищена для заказа 5
2026-01-28 20:10:13,773 - INFO - Письмо покупателю по заказу 5 отправлено успешно!
2026-01-28 20:10:13,822 - INFO - Письмо продавцу по заказу 5 отправлено успешно!
2026-01-28 20:10:38,957 - INFO - Завершающий этап оформления заказа: send_email_sell
2026-01-28 20:10:38,957 - INFO - Начало работы  - send_email_sell
2026-01-28 20:10:38,967 - INFO - Старт отправки писем через Celery
2026-01-28 20:10:38,971 - INFO - Старт задачи на очистку корзины через Celery
2026-01-28 20:10:38,984 - INFO - Корзина очищена для заказа 6
2026-01-28 20:10:39,956 - INFO - Письмо покупателю по заказу 6 отправлено успешно!
2026-01-28 20:10:40,145 - INFO - Письмо продавцу по заказу 6 отправлено успешно!
2026-01-29 20:09:48,271 - INFO - Завершающий этап оформления заказа: send_email_sell
2026-01-29 20:09:48,271 - INFO - Начало работы  - send_email_sell
2026-01-29 20:09:48,286 - INFO - Старт отправки писем через Celery
2026-01-29 20:09:48,352 - INFO - Старт задачи на очистку корзины через Celery
2026-01-29 20:09:48,365 - INFO - Корзина очищена для заказа 8
2026-01-29 20:09:49,269 - INFO - Письмо продавцу по заказу 8 отправлено успешно!
2026-01-29 20:09:49,335 - INFO - Письмо покупателю по заказу 8 отправлено успешно!
2026-01-29 20:29:30,363 - INFO - Завершающий этап оформления заказа: send_email_sell
2026-01-29 20:29:30,363 - INFO - Начало работы  - send_email_sell
2026-01-29 20:29:30,366 - INFO - Старт отправки писем через Celery
2026-01-29 20:29:30,403 - INFO - Старт задачи на очистку корзины через Celery
2026-01-29 20:29:30,415 - INFO - Корзина очищена для заказа 9
2026-01-29 20:29:31,503 - INFO - Письмо покупателю по заказу 9 отправлено успешно!
2026-01-29 20:29:31,514 - INFO - Письмо продавцу по заказу 9 отправлено успешно!
2026-01-29 20:34:45,618 - INFO - Завершающий этап оформления заказа: send_email_sell
2026-01-29 20:34:45,618 - INFO - Начало работы  - send_email_sell
2026-01-29 20:34:45,624 - INFO - Старт отправки писем через Celery
2026-01-29 20:34:45,628 - INFO - Старт задачи на очистку корзины через Celery
2026-01-29 20:34:45,654 - INFO - Корзина очищена для заказа 10
2026-01-29 20:34:46,601 - INFO - Письмо продавцу по заказу 10 отправлено успешно!
2026-01-29 20:34:46,665 - INFO - Письмо покупателю по заказу 10 отправлено успешно!
2026-02-02 18:38:13,153 - INFO - Завершающий этап оформления заказа: send_email_sell
2026-02-02 18:38:13,153 - INFO - Начало работы  - send_email_sell
2026-02-02 18:38:13,167 - INFO - Старт отправки писем через Celery
2026-02-02 18:38:16,970 - INFO - Старт задачи на очистку корзины через Celery
2026-02-02 18:38:18,535 - INFO - Письмо покупателю по заказу 11 отправлено успешно!
2026-02-02 18:46:58,957 - INFO - Завершающий этап оформления заказа: send_email_sell
2026-02-02 18:46:58,958 - INFO - Начало работы  - send_email_sell
2026-02-02 18:46:58,969 - INFO - Старт отправки писем через Celery
2026-02-02 18:47:02,992 - INFO - Старт задачи на очистку корзины через Celery
2026-02-02 18:47:03,469 - INFO - Ошибка отправки письма продавцу: could not translate host name "postgres" to address: Temporary failure in name resolution
 по заказу 12
2026-02-02 18:47:03,643 - INFO - Корзина очищена для заказа 12
2026-02-02 18:47:29,349 - INFO - Завершающий этап оформления заказа: send_email_sell
2026-02-02 18:47:29,350 - INFO - Начало работы  - send_email_sell
2026-02-02 18:47:29,361 - INFO - Старт отправки писем через Celery
2026-02-02 18:47:29,729 - INFO - Старт задачи на очистку корзины через Celery
2026-02-02 18:47:30,378 - INFO - Ошибка отправки письма продавцу: could not translate host name "postgres" to address: Temporary failure in name resolution
 по заказу 13
2026-02-02 18:56:46,804 - INFO - Выбранные товары (Coca-cola) были успешно удалены из вашей корзины.
2026-02-02 18:56:53,291 - INFO - Завершающий этап оформления заказа: send_email_sell
2026-02-02 18:56:53,291 - INFO - Начало работы  - send_email_sell
2026-02-02 18:56:53,301 - INFO - Старт отправки писем через Celery
2026-02-02 18:56:56,973 - INFO - Старт задачи на очистку корзины через Celery
2026-02-02 18:56:57,622 - INFO - Ошибка отправки письма продавцу: could not translate host name "postgres" to address: Temporary failure in name resolution
 по заказу 14
2026-02-02 18:56:58,406 - INFO - Письмо покупателю по заказу 14 отправлено успешно!
2026-02-02 19:05:36,456 - INFO - Завершающий этап оформления заказа: send_email_sell
2026-02-02 19:05:36,456 - INFO - Начало работы  - send_email_sell
2026-02-02 19:05:36,462 - INFO - Старт отправки писем через Celery
2026-02-02 19:05:36,517 - INFO - Старт задачи на очистку корзины через Celery
2026-02-02 19:05:36,529 - INFO - Корзина очищена для заказа 15
2026-02-02 19:05:37,451 - INFO - Письмо покупателю по заказу 15 отправлено успешно!
2026-02-02 19:05:37,555 - INFO - Письмо продавцу по заказу 15 отправлено успешно!
2026-02-02 19:29:15,664 - INFO - Ошибка отправки письма покупателю: could not translate host name "postgres" to address: Temporary failure in name resolution
 по заказу 9
2026-02-04 18:57:34,791 - INFO - Завершающий этап оформления заказа: send_email_sell
2026-02-04 18:57:34,792 - INFO - Начало работы  - send_email_sell
2026-02-04 18:57:34,806 - INFO - Старт отправки писем через Celery
2026-02-04 18:57:34,848 - INFO - Старт задачи на очистку корзины через Celery
2026-02-04 18:57:34,860 - INFO - Корзина очищена для заказа 23
2026-02-04 18:57:35,794 - INFO - Письмо продавцу по заказу 23 отправлено успешно!
2026-02-04 18:57:35,983 - INFO - Письмо покупателю по заказу 23 отправлено успешно!
2026-02-06 19:08:41,975 - INFO - Завершающий этап оформления заказа: send_email_sell
2026-02-06 19:08:41,975 - INFO - Начало работы  - send_email_sell
2026-02-06 19:08:41,986 - INFO - Старт отправки писем через Celery
2026-02-06 19:08:41,989 - INFO - Старт задачи на очистку корзины через Celery
2026-02-06 19:08:42,022 - INFO - Корзина очищена для заказа 1
2026-02-06 19:08:42,941 - INFO - Письмо продавцу по заказу 1 отправлено успешно!
2026-02-06 19:08:42,943 - INFO - Письмо покупателю по заказу 1 отправлено успешно!
2026-02-06 19:42:23,212 - INFO - Завершающий этап оформления заказа: send_email_sell
2026-02-06 19:42:23,213 - INFO - Начало работы  - send_email_sell
2026-02-06 19:42:23,220 - INFO - Старт отправки писем через Celery
2026-02-06 19:42:23,268 - INFO - Старт задачи на очистку корзины через Celery
2026-02-06 19:42:45,742 - INFO - Корзина очищена для заказа 2
2026-02-06 19:42:46,682 - INFO - Письмо продавцу по заказу 2 отправлено успешно!
2026-02-06 19:42:46,683 - INFO - Письмо покупателю по заказу 2 отправлено успешно!
2026-02-06 20:04:22,866 - INFO - Завершающий этап оформления заказа: send_email_sell
2026-02-06 20:04:22,866 - INFO - Начало работы  - send_email_sell
2026-02-06 20:04:22,878 - INFO - Старт отправки писем через Celery
2026-02-06 20:04:22,881 - INFO - Старт задачи на очистку корзины через Celery
2026-02-06 20:04:22,907 - INFO - Корзина очищена для заказа 1
2026-02-06 20:04:23,446 - INFO - Ошибка отправки письма покупателю: {'alpono24@gmail.ru': (550, b'non-local recipient verification failed')} по заказу 1
2026-02-06 20:04:23,857 - INFO - Письмо продавцу по заказу 1 отправлено успешно!
2026-02-07 13:10:38,652 - INFO - Завершающий этап оформления заказа: send_email_sell
2026-02-07 13:10:38,653 - INFO - Начало работы  - send_email_sell
2026-02-07 13:10:38,669 - INFO - Старт отправки писем через Celery
2026-02-07 13:10:38,705 - INFO - Старт задачи на очистку корзины через Celery
2026-02-07 13:10:38,717 - INFO - Корзина очищена для заказа 3
2026-02-07 13:10:39,296 - INFO - Ошибка отправки письма покупателю: {'alpono24@gmail.ru': (550, b'non-local recipient verification failed')} по заказу 3
2026-02-07 13:10:39,821 - INFO - Письмо продавцу по заказу 3 отправлено успешно!
